192.168.1.3:14550
192.168.1.1 mapped to 57812
From UAV (HB) -  0
From UAV (MC) -  0
From UAV (HB) -  0
From UAV (MC) -  0
From UAV (HB) -  0
From UAV (MC) -  0
From UAV (HB) -  0
From UAV (MC) -  0
From UAV (HB) -  0
From UAV (MC) -  0
From UAV (HB) -  0
From UAV (MC) -  0
From UAV (HB) -  0
From UAV (MC) -  0
From UAV (HB) -  0
From UAV (MC) -  0
From UAV (HB) -  0
From UAV (MC) -  0
From UAV (HB) -  0
From UAV (MC) -  0
From UAV (HB) -  0
From UAV (MC) -  0
From UAV (HB) -  0
From UAV (MC) -  0
From UAV (HB) -  0
From UAV (MC) -  0
From UAV (HB) -  0
From UAV (MC) -  0
From Ground   MISSION_REQUEST_LIST
From Ground   PARAM_REQUEST_LIST
From UAV   MISSION_COUNT
From Ground   PARAM_REQUEST_READ
From UAV   PARAM_VALUE
From UAV   PARAM_VALUE
From Ground (HB) -  192
From UAV   PARAM_VALUE
From UAV   PARAM_VALUE
From UAV   PARAM_VALUE
From UAV   PARAM_VALUE
From UAV   PARAM_VALUE
From UAV   PARAM_VALUE
From UAV   PARAM_VALUE
From UAV   PARAM_VALUE
From UAV   PARAM_VALUE
From UAV   PARAM_VALUE
From Ground (HB) -  192
From UAV   PARAM_VALUE
From Ground   PARAM_REQUEST_READ
From Ground   PARAM_REQUEST_READ
From Ground (HB) -  192
From Ground   PARAM_REQUEST_READ
From Ground   PARAM_REQUEST_READ
From UAV (HB) -  0
From UAV (MC) -  0
From Ground   PARAM_REQUEST_READ
From Ground (HB) -  192
From Ground   PARAM_REQUEST_READ
From Ground   PARAM_REQUEST_READ
From UAV (HB) -  0
From UAV (MC) -  0
From Ground   PARAM_REQUEST_READ
From Ground (HB) -  192
From Ground   PARAM_REQUEST_READ
From Ground   PARAM_REQUEST_READ
From UAV (HB) -  0
From UAV (MC) -  0
From Ground   PARAM_REQUEST_READ
From Ground (HB) -  192
From Ground   PARAM_REQUEST_READ
From Ground   PARAM_REQUEST_READ
From UAV (HB) -  0
From UAV (MC) -  0
From Ground   PARAM_REQUEST_READ
From Ground (HB) -  192
From Ground   PARAM_REQUEST_READ
From Ground   PARAM_REQUEST_READ
From UAV (HB) -  0
From UAV (MC) -  0
From Ground (HB) -  192
From Ground   PARAM_REQUEST_READ
From Ground   PARAM_REQUEST_READ
From Ground   PARAM_REQUEST_READ
From UAV (HB) -  0
From UAV (MC) -  0
From Ground (HB) -  192
From Ground   PARAM_REQUEST_READ
From Ground   PARAM_REQUEST_READ
From Ground   PARAM_REQUEST_READ
From UAV (HB) -  0
From UAV (MC) -  0
From Ground (HB) -  192
From Ground   PARAM_REQUEST_READ
From Ground   PARAM_REQUEST_READ
From UAV (HB) -  0
From UAV (MC) -  0
From Ground   PARAM_REQUEST_READ
From Ground (HB) -  192
From Ground   PARAM_REQUEST_READ
From Ground   PARAM_REQUEST_READ
From UAV (HB) -  0
From UAV (MC) -  0
From Ground   PARAM_REQUEST_READ
From Ground (HB) -  192
From Ground   PARAM_REQUEST_READ
From Ground   PARAM_REQUEST_READ
From UAV (HB) -  0
From UAV (MC) -  0
From Ground   PARAM_REQUEST_READ
From Ground (HB) -  192
From Ground   PARAM_REQUEST_READ
From Ground   PARAM_REQUEST_READ
From UAV (HB) -  0
From UAV (MC) -  0
From Ground   PARAM_REQUEST_READ
From Ground (HB) -  192
From Ground   PARAM_REQUEST_READ
From Ground   PARAM_REQUEST_READ
From UAV (HB) -  0
From UAV (MC) -  0
From Ground (HB) -  192
From Ground   PARAM_REQUEST_READ
From Ground   PARAM_REQUEST_READ
From Ground   PARAM_REQUEST_READ
From UAV (HB) -  0
From UAV (MC) -  0
From Ground (HB) -  192
From Ground   PARAM_REQUEST_READ
From Ground   PARAM_REQUEST_READ
From Ground   PARAM_REQUEST_READ
From UAV (HB) -  0
From UAV (MC) -  0
From Ground (HB) -  192
From Ground   PARAM_REQUEST_READ
From Ground   PARAM_REQUEST_READ
From Ground   PARAM_REQUEST_READ
From UAV (HB) -  0
From UAV (MC) -  0
From Ground (HB) -  192
From Ground   PARAM_REQUEST_READ
From Ground   PARAM_REQUEST_READ
From UAV (HB) -  0
From UAV (MC) -  0
From Ground   PARAM_REQUEST_READ
From Ground (HB) -  192
From Ground   PARAM_REQUEST_READ
From Ground   PARAM_REQUEST_READ
From UAV (HB) -  0
From UAV (MC) -  0
From Ground   PARAM_REQUEST_READ
From Ground (HB) -  192
From Ground   PARAM_REQUEST_READ
From Ground   PARAM_REQUEST_READ
From UAV (HB) -  0
From UAV (MC) -  0
From Ground   PARAM_REQUEST_READ
From Ground (HB) -  192
From Ground   PARAM_REQUEST_READ
From Ground   PARAM_REQUEST_READ
From UAV (HB) -  0
From UAV (MC) -  0
From Ground (HB) -  192
From Ground   PARAM_REQUEST_READ
From Ground   PARAM_REQUEST_READ
From Ground   PARAM_REQUEST_READ
From UAV (HB) -  0
From UAV (MC) -  0
From Ground (HB) -  192
From Ground   PARAM_REQUEST_READ
From Ground   PARAM_REQUEST_READ
From Ground   PARAM_REQUEST_READ
From UAV (HB) -  0
From UAV (MC) -  0
From Ground (HB) -  192
From Ground   PARAM_REQUEST_READ
From Ground   PARAM_REQUEST_READ
From Ground   PARAM_REQUEST_READ
From UAV (HB) -  0
From UAV (MC) -  0
From Ground (HB) -  192
From Ground   PARAM_REQUEST_READ
From Ground   PARAM_REQUEST_READ
From UAV (HB) -  0
From UAV (MC) -  0
From Ground   PARAM_REQUEST_READ
From Ground (HB) -  192
From Ground   PARAM_REQUEST_READ
From Ground   PARAM_REQUEST_READ
From UAV (HB) -  0
From UAV (MC) -  0
From Ground   PARAM_REQUEST_READ
From Ground (HB) -  192
From Ground   PARAM_REQUEST_READ
From Ground   PARAM_REQUEST_READ
From UAV (HB) -  0
From UAV (MC) -  0
From Ground (HB) -  192
From Ground   PARAM_REQUEST_READ
From Ground   PARAM_REQUEST_READ
From Ground   MISSION_REQUEST_LIST
From UAV   MISSION_COUNT
From Ground   PARAM_REQUEST_READ
From UAV (HB) -  0
From UAV (MC) -  0
From Ground (HB) -  192
From Ground   PARAM_REQUEST_READ
From Ground   PARAM_REQUEST_READ
From Ground   PARAM_REQUEST_READ
From UAV (HB) -  0
From UAV (MC) -  0
From Ground (HB) -  192
From Ground   PARAM_REQUEST_READ
From Ground   PARAM_REQUEST_READ
From Ground   MISSION_REQUEST_LIST
From Ground   PARAM_REQUEST_READ
From UAV   MISSION_COUNT
From UAV (HB) -  0
From UAV (MC) -  0
From Ground (HB) -  192
From Ground   PARAM_REQUEST_READ
From Ground   PARAM_REQUEST_READ
From Ground   PARAM_REQUEST_READ
From UAV (HB) -  0
From UAV (MC) -  0
From Ground (HB) -  192
From UAV (HB) -  0
From UAV (MC) -  0
From Ground (HB) -  192
From UAV (HB) -  0
From UAV (MC) -  0
From Ground (HB) -  192
From UAV (HB) -  0
From UAV (MC) -  0
From Ground (HB) -  192
From UAV (HB) -  0
From UAV (MC) -  0
From Ground (HB) -  192
From Ground   MISSION_COUNT
From UAV (MR) -  255,  , 190,  , 0 ]
From Ground (MI) - [ 0, 1, 1, 0.0, 5.0, 0.0, 0.0 ]
From UAV (MACK) -  MISSION_ACK
From Ground   MISSION_REQUEST_LIST
From UAV   MISSION_COUNT
From Ground (MR) -  1,  , 190,  , 0 ]
From UAV (MI) - [ 0, 1, 1, 0.0010000000475, 5.0, 0.0, 0.0 ]
From Ground (MACK) -  MISSION_ACK
From UAV (MACK) -  MISSION_ACK
From UAV (HB) -  0
From UAV (MC) -  0
From Ground (HB) -  192
From UAV (HB) -  0
From UAV (MC) -  0
From Ground (HB) -  192
From UAV (HB) -  0
From UAV (MC) -  0
From Ground (HB) -  192
From UAV (HB) -  0
From UAV (MC) -  0
From Ground (HB) -  192
From Ground (HB) -  192
From UAV (HB) -  0
From UAV (MC) -  0
From Ground (HB) -  192
From UAV (HB) -  0
From UAV (MC) -  0
From Ground   MISSION_CLEAR_ALL
From UAV (MACK) -  MISSION_ACK
From Ground (HB) -  192
From UAV (HB) -  0
From UAV (MC) -  0
From Ground (HB) -  192
From UAV (HB) -  0
From UAV (MC) -  0
From Ground (HB) -  192
From UAV (HB) -  0
From UAV (MC) -  0
From Ground   MISSION_REQUEST_LIST
From UAV   MISSION_COUNT
From Ground (HB) -  192
From UAV (HB) -  0
From UAV (MC) -  0
From Ground (HB) -  192
From UAV (HB) -  0
From UAV (MC) -  0
From Ground (HB) -  192
From UAV (HB) -  0
From UAV (MC) -  0
From Ground (HB) -  192
From UAV (HB) -  0
From UAV (MC) -  0
From Ground (HB) -  192
From UAV (HB) -  0
From UAV (MC) -  0
From Ground (SM) -  128 : 0
From Ground (HB) -  192
From UAV (HB) -  0
From UAV (MC) -  0
From Ground (HB) -  192
From UAV (HB) -  0
From UAV (MC) -  0
From Ground (HB) -  192
From UAV (HB) -  0
From UAV (MC) -  0
From Ground (HB) -  192
From UAV (HB) -  0
From UAV (MC) -  0
From Ground (HB) -  192
From UAV (HB) -  0
From UAV (MC) -  0
From Ground (CMD) -  22 : 1  [ 0.0, 0.0, 0.0, 0.0, 0.0, 0.0, 0.0 ]
From Ground (HB) -  192
From UAV (HB) -  0
From UAV (MC) -  0
From Ground (HB) -  192
From UAV (HB) -  0
From UAV (MC) -  0
From Ground (HB) -  192
From UAV (HB) -  80
From UAV (MC) -  0
From Ground (HB) -  192
From UAV (HB) -  80
From UAV (MC) -  0
From Ground (HB) -  192
From Ground (CMD) -  21 : 1  [ 0.0, 0.0, 0.0, 0.0, 0.0, 0.0, 0.0 ]
From UAV (HB) -  80
From UAV (MC) -  0
From Ground (HB) -  192
From UAV (HB) -  80
From UAV (MC) -  0
From Ground (HB) -  192
From UAV (HB) -  80
From UAV (MC) -  0
From Ground (HB) -  192
From UAV (HB) -  80
From UAV (MC) -  0
From Ground (HB) -  192
From UAV (HB) -  80
From UAV (MC) -  0
From Ground (HB) -  192
From Ground (SM) -  80 : 0
From UAV (HB) -  80
From UAV (MC) -  0
From Ground (HB) -  192
From UAV (HB) -  80
From UAV (MC) -  0
From Ground (HB) -  192
From UAV (HB) -  80
From UAV (MC) -  0
From Ground (HB) -  192
From UAV (HB) -  80
From UAV (MC) -  0
From Ground (HB) -  192
From UAV (HB) -  80
From UAV (MC) -  0
From Ground (HB) -  192
From UAV (HB) -  80
From UAV (MC) -  0
From Ground (HB) -  192
From UAV (HB) -  80
From UAV (MC) -  0
From Ground (HB) -  192
